{"/home/jamiebohanna/broker-insights/src/aggregator.js": {"path":"/home/jamiebohanna/broker-insights/src/aggregator.js","statementMap":{"0":{"start":{"line":5,"column":17},"end":{"line":14,"column":1}},"1":{"start":{"line":6,"column":14},"end":{"line":6,"column":16}},"2":{"start":{"line":7,"column":1},"end":{"line":13,"column":4}},"3":{"start":{"line":8,"column":2},"end":{"line":12,"column":38}},"4":{"start":{"line":10,"column":24},"end":{"line":10,"column":38}},"5":{"start":{"line":11,"column":20},"end":{"line":11,"column":33}},"6":{"start":{"line":12,"column":25},"end":{"line":12,"column":36}},"7":{"start":{"line":17,"column":22},"end":{"line":41,"column":1}},"8":{"start":{"line":18,"column":1},"end":{"line":40,"column":5}},"9":{"start":{"line":18,"column":30},"end":{"line":40,"column":2}},"10":{"start":{"line":44,"column":24},"end":{"line":108,"column":1}},"11":{"start":{"line":45,"column":1},"end":{"line":107,"column":2}},"12":{"start":{"line":46,"column":22},"end":{"line":46,"column":58}},"13":{"start":{"line":47,"column":22},"end":{"line":47,"column":58}},"14":{"start":{"line":50,"column":26},"end":{"line":71,"column":3}},"15":{"start":{"line":73,"column":26},"end":{"line":94,"column":3}},"16":{"start":{"line":97,"column":28},"end":{"line":97,"column":82}},"17":{"start":{"line":98,"column":28},"end":{"line":98,"column":82}},"18":{"start":{"line":101,"column":20},"end":{"line":101,"column":64}},"19":{"start":{"line":103,"column":2},"end":{"line":103,"column":19}},"20":{"start":{"line":105,"column":2},"end":{"line":105,"column":60}},"21":{"start":{"line":106,"column":2},"end":{"line":106,"column":12}}},"fnMap":{"0":{"name":"(anonymous_0)","decl":{"start":{"line":5,"column":17},"end":{"line":5,"column":18}},"loc":{"start":{"line":5,"column":31},"end":{"line":14,"column":1}},"line":5},"1":{"name":"(anonymous_1)","decl":{"start":{"line":7,"column":20},"end":{"line":7,"column":21}},"loc":{"start":{"line":7,"column":41},"end":{"line":13,"column":2}},"line":7},"2":{"name":"(anonymous_2)","decl":{"start":{"line":10,"column":15},"end":{"line":10,"column":16}},"loc":{"start":{"line":10,"column":24},"end":{"line":10,"column":38}},"line":10},"3":{"name":"(anonymous_3)","decl":{"start":{"line":11,"column":14},"end":{"line":11,"column":15}},"loc":{"start":{"line":11,"column":20},"end":{"line":11,"column":33}},"line":11},"4":{"name":"(anonymous_4)","decl":{"start":{"line":12,"column":16},"end":{"line":12,"column":17}},"loc":{"start":{"line":12,"column":25},"end":{"line":12,"column":36}},"line":12},"5":{"name":"(anonymous_5)","decl":{"start":{"line":17,"column":22},"end":{"line":17,"column":23}},"loc":{"start":{"line":17,"column":57},"end":{"line":41,"column":1}},"line":17},"6":{"name":"(anonymous_6)","decl":{"start":{"line":18,"column":20},"end":{"line":18,"column":21}},"loc":{"start":{"line":18,"column":30},"end":{"line":40,"column":2}},"line":18},"7":{"name":"(anonymous_7)","decl":{"start":{"line":44,"column":24},"end":{"line":44,"column":25}},"loc":{"start":{"line":44,"column":36},"end":{"line":108,"column":1}},"line":44}},"branchMap":{"0":{"loc":{"start":{"line":20,"column":16},"end":{"line":20,"column":69}},"type":"binary-expr","locations":[{"start":{"line":20,"column":16},"end":{"line":20,"column":42}},{"start":{"line":20,"column":46},"end":{"line":20,"column":69}}],"line":20},"1":{"loc":{"start":{"line":21,"column":17},"end":{"line":21,"column":76}},"type":"binary-expr","locations":[{"start":{"line":21,"column":17},"end":{"line":21,"column":44}},{"start":{"line":21,"column":48},"end":{"line":21,"column":76}}],"line":21},"2":{"loc":{"start":{"line":22,"column":13},"end":{"line":22,"column":68}},"type":"binary-expr","locations":[{"start":{"line":22,"column":13},"end":{"line":22,"column":36}},{"start":{"line":22,"column":40},"end":{"line":22,"column":68}}],"line":22},"3":{"loc":{"start":{"line":23,"column":11},"end":{"line":23,"column":64}},"type":"binary-expr","locations":[{"start":{"line":23,"column":11},"end":{"line":23,"column":32}},{"start":{"line":23,"column":36},"end":{"line":23,"column":64}}],"line":23},"4":{"loc":{"start":{"line":24,"column":12},"end":{"line":24,"column":64}},"type":"binary-expr","locations":[{"start":{"line":24,"column":12},"end":{"line":24,"column":34}},{"start":{"line":24,"column":38},"end":{"line":24,"column":64}}],"line":24},"5":{"loc":{"start":{"line":25,"column":23},"end":{"line":25,"column":92}},"type":"binary-expr","locations":[{"start":{"line":25,"column":23},"end":{"line":25,"column":56}},{"start":{"line":25,"column":60},"end":{"line":25,"column":92}}],"line":25},"6":{"loc":{"start":{"line":26,"column":17},"end":{"line":26,"column":75}},"type":"binary-expr","locations":[{"start":{"line":26,"column":17},"end":{"line":26,"column":44}},{"start":{"line":26,"column":48},"end":{"line":26,"column":75}}],"line":26},"7":{"loc":{"start":{"line":27,"column":14},"end":{"line":27,"column":72}},"type":"binary-expr","locations":[{"start":{"line":27,"column":14},"end":{"line":27,"column":38}},{"start":{"line":27,"column":42},"end":{"line":27,"column":72}}],"line":27},"8":{"loc":{"start":{"line":28,"column":13},"end":{"line":28,"column":64}},"type":"binary-expr","locations":[{"start":{"line":28,"column":13},"end":{"line":28,"column":36}},{"start":{"line":28,"column":40},"end":{"line":28,"column":64}}],"line":28},"9":{"loc":{"start":{"line":29,"column":14},"end":{"line":29,"column":65}},"type":"binary-expr","locations":[{"start":{"line":29,"column":14},"end":{"line":29,"column":38}},{"start":{"line":29,"column":42},"end":{"line":29,"column":65}}],"line":29},"10":{"loc":{"start":{"line":30,"column":17},"end":{"line":30,"column":76}},"type":"binary-expr","locations":[{"start":{"line":30,"column":17},"end":{"line":30,"column":44}},{"start":{"line":30,"column":48},"end":{"line":30,"column":76}}],"line":30},"11":{"loc":{"start":{"line":31,"column":23},"end":{"line":31,"column":93}},"type":"binary-expr","locations":[{"start":{"line":31,"column":23},"end":{"line":31,"column":56}},{"start":{"line":31,"column":60},"end":{"line":31,"column":93}}],"line":31},"12":{"loc":{"start":{"line":32,"column":13},"end":{"line":32,"column":63}},"type":"binary-expr","locations":[{"start":{"line":32,"column":13},"end":{"line":32,"column":36}},{"start":{"line":32,"column":40},"end":{"line":32,"column":63}}],"line":32},"13":{"loc":{"start":{"line":33,"column":11},"end":{"line":33,"column":62}},"type":"binary-expr","locations":[{"start":{"line":33,"column":11},"end":{"line":33,"column":32}},{"start":{"line":33,"column":36},"end":{"line":33,"column":62}}],"line":33},"14":{"loc":{"start":{"line":34,"column":13},"end":{"line":34,"column":65}},"type":"binary-expr","locations":[{"start":{"line":34,"column":13},"end":{"line":34,"column":36}},{"start":{"line":34,"column":40},"end":{"line":34,"column":65}}],"line":34},"15":{"loc":{"start":{"line":35,"column":14},"end":{"line":35,"column":72}},"type":"binary-expr","locations":[{"start":{"line":35,"column":14},"end":{"line":35,"column":38}},{"start":{"line":35,"column":42},"end":{"line":35,"column":72}}],"line":35},"16":{"loc":{"start":{"line":36,"column":11},"end":{"line":36,"column":61}},"type":"binary-expr","locations":[{"start":{"line":36,"column":11},"end":{"line":36,"column":32}},{"start":{"line":36,"column":36},"end":{"line":36,"column":61}}],"line":36},"17":{"loc":{"start":{"line":37,"column":11},"end":{"line":37,"column":63}},"type":"binary-expr","locations":[{"start":{"line":37,"column":11},"end":{"line":37,"column":32}},{"start":{"line":37,"column":36},"end":{"line":37,"column":63}}],"line":37},"18":{"loc":{"start":{"line":38,"column":15},"end":{"line":38,"column":73}},"type":"binary-expr","locations":[{"start":{"line":38,"column":15},"end":{"line":38,"column":40}},{"start":{"line":38,"column":44},"end":{"line":38,"column":73}}],"line":38},"19":{"loc":{"start":{"line":39,"column":17},"end":{"line":39,"column":78}},"type":"binary-expr","locations":[{"start":{"line":39,"column":17},"end":{"line":39,"column":44}},{"start":{"line":39,"column":48},"end":{"line":39,"column":78}}],"line":39}},"s":{"0":1,"1":2,"2":2,"3":2,"4":61,"5":2,"6":0,"7":1,"8":4,"9":63,"10":1,"11":1,"12":1,"13":1,"14":1,"15":1,"16":1,"17":1,"18":1,"19":1,"20":0,"21":0},"f":{"0":2,"1":2,"2":61,"3":2,"4":0,"5":4,"6":63,"7":1},"b":{"0":[63,22],"1":[63,22],"2":[63,23],"3":[63,22],"4":[63,23],"5":[63,23],"6":[63,23],"7":[63,23],"8":[63,23],"9":[63,23],"10":[63,22],"11":[63,23],"12":[63,23],"13":[63,23],"14":[63,23],"15":[63,23],"16":[63,23],"17":[63,23],"18":[63,23],"19":[63,23]},"inputSourceMap":null,"_coverageSchema":"1a1c01bbd47fc00a2c39e90264f33305004495a9","hash":"bafa42e14089c60bad4288aa95f3d93fdbe5a8ce"}
,"/home/jamiebohanna/broker-insights/src/reports.js": {"path":"/home/jamiebohanna/broker-insights/src/reports.js","statementMap":{"0":{"start":{"line":2,"column":29},"end":{"line":4,"column":1}},"1":{"start":{"line":3,"column":1},"end":{"line":3,"column":144}},"2":{"start":{"line":3,"column":36},"end":{"line":3,"column":142}},"3":{"start":{"line":7,"column":30},"end":{"line":9,"column":1}},"4":{"start":{"line":8,"column":1},"end":{"line":8,"column":90}},"5":{"start":{"line":8,"column":47},"end":{"line":8,"column":85}},"6":{"start":{"line":12,"column":33},"end":{"line":30,"column":1}},"7":{"start":{"line":13,"column":1},"end":{"line":13,"column":38}},"8":{"start":{"line":13,"column":29},"end":{"line":13,"column":38}},"9":{"start":{"line":15,"column":23},"end":{"line":25,"column":6}},"10":{"start":{"line":16,"column":44},"end":{"line":16,"column":83}},"11":{"start":{"line":17,"column":38},"end":{"line":17,"column":75}},"12":{"start":{"line":19,"column":16},"end":{"line":19,"column":61}},"13":{"start":{"line":20,"column":14},"end":{"line":20,"column":53}},"14":{"start":{"line":23,"column":19},"end":{"line":23,"column":60}},"15":{"start":{"line":24,"column":2},"end":{"line":24,"column":24}},"16":{"start":{"line":28,"column":25},"end":{"line":28,"column":62}},"17":{"start":{"line":29,"column":1},"end":{"line":29,"column":47}},"18":{"start":{"line":33,"column":23},"end":{"line":46,"column":1}},"19":{"start":{"line":34,"column":24},"end":{"line":34,"column":54}},"20":{"start":{"line":35,"column":29},"end":{"line":35,"column":50}},"21":{"start":{"line":36,"column":30},"end":{"line":36,"column":102}},"22":{"start":{"line":36,"column":69},"end":{"line":36,"column":95}},"23":{"start":{"line":37,"column":28},"end":{"line":37,"column":65}},"24":{"start":{"line":38,"column":27},"end":{"line":38,"column":67}},"25":{"start":{"line":40,"column":1},"end":{"line":40,"column":49}},"26":{"start":{"line":41,"column":1},"end":{"line":41,"column":51}},"27":{"start":{"line":42,"column":1},"end":{"line":42,"column":62}},"28":{"start":{"line":43,"column":1},"end":{"line":43,"column":78}},"29":{"start":{"line":44,"column":1},"end":{"line":44,"column":87}},"30":{"start":{"line":45,"column":1},"end":{"line":45,"column":85}},"31":{"start":{"line":49,"column":22},"end":{"line":60,"column":1}},"32":{"start":{"line":50,"column":24},"end":{"line":50,"column":139}},"33":{"start":{"line":50,"column":52},"end":{"line":50,"column":138}},"34":{"start":{"line":52,"column":1},"end":{"line":57,"column":2}},"35":{"start":{"line":53,"column":2},"end":{"line":53,"column":67}},"36":{"start":{"line":54,"column":2},"end":{"line":54,"column":30}},"37":{"start":{"line":56,"column":2},"end":{"line":56,"column":66}},"38":{"start":{"line":59,"column":1},"end":{"line":59,"column":23}}},"fnMap":{"0":{"name":"(anonymous_0)","decl":{"start":{"line":2,"column":29},"end":{"line":2,"column":30}},"loc":{"start":{"line":2,"column":69},"end":{"line":4,"column":1}},"line":2},"1":{"name":"(anonymous_1)","decl":{"start":{"line":3,"column":24},"end":{"line":3,"column":25}},"loc":{"start":{"line":3,"column":36},"end":{"line":3,"column":142}},"line":3},"2":{"name":"(anonymous_2)","decl":{"start":{"line":7,"column":30},"end":{"line":7,"column":31}},"loc":{"start":{"line":7,"column":50},"end":{"line":9,"column":1}},"line":7},"3":{"name":"(anonymous_3)","decl":{"start":{"line":8,"column":30},"end":{"line":8,"column":31}},"loc":{"start":{"line":8,"column":47},"end":{"line":8,"column":85}},"line":8},"4":{"name":"(anonymous_4)","decl":{"start":{"line":12,"column":33},"end":{"line":12,"column":34}},"loc":{"start":{"line":12,"column":53},"end":{"line":30,"column":1}},"line":12},"5":{"name":"(anonymous_5)","decl":{"start":{"line":15,"column":45},"end":{"line":15,"column":46}},"loc":{"start":{"line":15,"column":62},"end":{"line":25,"column":2}},"line":15},"6":{"name":"(anonymous_6)","decl":{"start":{"line":33,"column":23},"end":{"line":33,"column":24}},"loc":{"start":{"line":33,"column":37},"end":{"line":46,"column":1}},"line":33},"7":{"name":"(anonymous_7)","decl":{"start":{"line":36,"column":57},"end":{"line":36,"column":58}},"loc":{"start":{"line":36,"column":69},"end":{"line":36,"column":95}},"line":36},"8":{"name":"(anonymous_8)","decl":{"start":{"line":49,"column":22},"end":{"line":49,"column":23}},"loc":{"start":{"line":49,"column":53},"end":{"line":60,"column":1}},"line":49},"9":{"name":"(anonymous_9)","decl":{"start":{"line":50,"column":40},"end":{"line":50,"column":41}},"loc":{"start":{"line":50,"column":52},"end":{"line":50,"column":138}},"line":50}},"branchMap":{"0":{"loc":{"start":{"line":2,"column":40},"end":{"line":2,"column":64}},"type":"default-arg","locations":[{"start":{"line":2,"column":54},"end":{"line":2,"column":64}}],"line":2},"1":{"loc":{"start":{"line":3,"column":36},"end":{"line":3,"column":142}},"type":"binary-expr","locations":[{"start":{"line":3,"column":36},"end":{"line":3,"column":77}},{"start":{"line":3,"column":81},"end":{"line":3,"column":142}}],"line":3},"2":{"loc":{"start":{"line":3,"column":90},"end":{"line":3,"column":126}},"type":"binary-expr","locations":[{"start":{"line":3,"column":90},"end":{"line":3,"column":108}},{"start":{"line":3,"column":112},"end":{"line":3,"column":126}}],"line":3},"3":{"loc":{"start":{"line":13,"column":1},"end":{"line":13,"column":38}},"type":"if","locations":[{"start":{"line":13,"column":1},"end":{"line":13,"column":38}},{"start":{},"end":{}}],"line":13},"4":{"loc":{"start":{"line":50,"column":52},"end":{"line":50,"column":138}},"type":"binary-expr","locations":[{"start":{"line":50,"column":52},"end":{"line":50,"column":69}},{"start":{"line":50,"column":73},"end":{"line":50,"column":138}}],"line":50},"5":{"loc":{"start":{"line":52,"column":1},"end":{"line":57,"column":2}},"type":"if","locations":[{"start":{"line":52,"column":1},"end":{"line":57,"column":2}},{"start":{"line":55,"column":8},"end":{"line":57,"column":2}}],"line":52}},"s":{"0":1,"1":1,"2":3,"3":1,"4":1,"5":2,"6":1,"7":1,"8":0,"9":1,"10":2,"11":2,"12":2,"13":2,"14":2,"15":2,"16":1,"17":1,"18":1,"19":0,"20":0,"21":0,"22":0,"23":0,"24":0,"25":0,"26":0,"27":0,"28":0,"29":0,"30":0,"31":1,"32":1,"33":2,"34":1,"35":1,"36":1,"37":0,"38":1},"f":{"0":1,"1":3,"2":1,"3":2,"4":1,"5":2,"6":0,"7":0,"8":1,"9":2},"b":{"0":[0],"1":[3,2],"2":[2,2],"3":[0,1],"4":[2,2],"5":[1,0]},"inputSourceMap":null,"_coverageSchema":"1a1c01bbd47fc00a2c39e90264f33305004495a9","hash":"88d5f9ee8da12c8354aa1b710a09c52d204e18d1"}
}
