TN:
SF:src/aggregator.js
FN:5,(anonymous_0)
FN:7,(anonymous_1)
FN:10,(anonymous_2)
FN:11,(anonymous_3)
FN:12,(anonymous_4)
FN:17,(anonymous_5)
FN:18,(anonymous_6)
FN:44,(anonymous_7)
FNF:8
FNH:7
FNDA:2,(anonymous_0)
FNDA:2,(anonymous_1)
FNDA:61,(anonymous_2)
FNDA:2,(anonymous_3)
FNDA:0,(anonymous_4)
FNDA:4,(anonymous_5)
FNDA:63,(anonymous_6)
FNDA:1,(anonymous_7)
DA:5,1
DA:6,2
DA:7,2
DA:8,2
DA:10,61
DA:11,2
DA:12,0
DA:17,1
DA:18,63
DA:44,1
DA:45,1
DA:46,1
DA:47,1
DA:50,1
DA:73,1
DA:97,1
DA:98,1
DA:101,1
DA:103,1
DA:105,0
DA:106,0
LF:21
LH:18
BRDA:20,0,0,63
BRDA:20,0,1,22
BRDA:21,1,0,63
BRDA:21,1,1,22
BRDA:22,2,0,63
BRDA:22,2,1,23
BRDA:23,3,0,63
BRDA:23,3,1,22
BRDA:24,4,0,63
BRDA:24,4,1,23
BRDA:25,5,0,63
BRDA:25,5,1,23
BRDA:26,6,0,63
BRDA:26,6,1,23
BRDA:27,7,0,63
BRDA:27,7,1,23
BRDA:28,8,0,63
BRDA:28,8,1,23
BRDA:29,9,0,63
BRDA:29,9,1,23
BRDA:30,10,0,63
BRDA:30,10,1,22
BRDA:31,11,0,63
BRDA:31,11,1,23
BRDA:32,12,0,63
BRDA:32,12,1,23
BRDA:33,13,0,63
BRDA:33,13,1,23
BRDA:34,14,0,63
BRDA:34,14,1,23
BRDA:35,15,0,63
BRDA:35,15,1,23
BRDA:36,16,0,63
BRDA:36,16,1,23
BRDA:37,17,0,63
BRDA:37,17,1,23
BRDA:38,18,0,63
BRDA:38,18,1,23
BRDA:39,19,0,63
BRDA:39,19,1,23
BRF:40
BRH:40
end_of_record
TN:
SF:src/reports.js
FN:2,(anonymous_0)
FN:3,(anonymous_1)
FN:7,(anonymous_2)
FN:8,(anonymous_3)
FN:12,(anonymous_4)
FN:15,(anonymous_5)
FN:33,(anonymous_6)
FN:36,(anonymous_7)
FN:49,(anonymous_8)
FN:50,(anonymous_9)
FNF:10
FNH:8
FNDA:1,(anonymous_0)
FNDA:3,(anonymous_1)
FNDA:1,(anonymous_2)
FNDA:2,(anonymous_3)
FNDA:1,(anonymous_4)
FNDA:2,(anonymous_5)
FNDA:0,(anonymous_6)
FNDA:0,(anonymous_7)
FNDA:1,(anonymous_8)
FNDA:2,(anonymous_9)
DA:2,1
DA:3,3
DA:7,1
DA:8,2
DA:12,1
DA:13,1
DA:15,1
DA:16,2
DA:17,2
DA:19,2
DA:20,2
DA:23,2
DA:24,2
DA:28,1
DA:29,1
DA:33,1
DA:34,0
DA:35,0
DA:36,0
DA:37,0
DA:38,0
DA:40,0
DA:41,0
DA:42,0
DA:43,0
DA:44,0
DA:45,0
DA:49,1
DA:50,2
DA:52,1
DA:53,1
DA:54,1
DA:56,0
DA:59,1
LF:34
LH:22
BRDA:2,0,0,0
BRDA:3,1,0,3
BRDA:3,1,1,2
BRDA:3,2,0,2
BRDA:3,2,1,2
BRDA:13,3,0,0
BRDA:13,3,1,1
BRDA:50,4,0,2
BRDA:50,4,1,2
BRDA:52,5,0,1
BRDA:52,5,1,0
BRF:11
BRH:8
end_of_record
